<?xml version="1.0" encoding="UTF-8"?>
<!-- Generated by org.testng.reporters.JUnitReportReporter -->
<testsuite hostname="P5-H81KX52" name="org_Package.Selenium_Project.NewTest2" tests="1" failures="0" timestamp="16 May 2018 07:06:41 GMT" time="0.001" errors="0">
  <testcase name="secondTest" time="0.001" classname="org_Package.Selenium_Project.NewTest2"/>
</testsuite> <!-- org_Package.Selenium_Project.NewTest2 -->
