<?xml version="1.0" encoding="UTF-8"?>
<!-- Generated by org.testng.reporters.JUnitReportReporter -->
<testsuite hostname="P5-H81KX52" name="org_Package.Selenium_Project.NewTestDataProvider1" tests="2" failures="0" timestamp="16 May 2018 07:56:47 GMT" time="0.018" errors="0">
  <testcase name="f1" time="0.002" classname="org_Package.Selenium_Project.NewTestDataProvider1"/>
  <testcase name="f1" time="0.016" classname="org_Package.Selenium_Project.NewTestDataProvider1"/>
</testsuite> <!-- org_Package.Selenium_Project.NewTestDataProvider1 -->
