<?xml version="1.0" encoding="UTF-8"?>
<!-- Generated by org.testng.reporters.JUnitReportReporter -->
<testsuite hostname="P5-H81KX52" name="org_Package.Selenium_Project.NewTest" tests="1" failures="0" timestamp="16 May 2018 11:58:55 GMT" time="1.878" errors="0">
  <testcase name="login" time="1.878" classname="org_Package.Selenium_Project.NewTest"/>
</testsuite> <!-- org_Package.Selenium_Project.NewTest -->
